Lab2/app/build/intermediates/manifest_merge_blame_file/debug/processDebugMainManifest/manifest-merger-blame-debug-report.txt
1<?xml version="1.0" encoding="utf-8"?>
2<manifest xmlns:android="http://schemas.android.com/apk/res/android"
3    package="com.hivetrack.mobile"
4    android:versionCode="1"
5    android:versionName="1.0" >
6
7    <uses-sdk
8        android:minSdkVersion="23"
9        android:targetSdkVersion="35" />
10
11    <uses-permission android:name="android.permission.INTERNET" />
11-->src\main\AndroidManifest.xml:2:5-67
11-->src\main\AndroidManifest.xml:2:22-64
12
13    <application
13-->src\main\AndroidManifest.xml:3:5-16:19
14        android:allowBackup="true"
14-->src\main\AndroidManifest.xml:4:9-35
15        android:debuggable="true"
16        android:extractNativeLibs="false"
17        android:label="HiveTrack Mobile"
17-->src\main\AndroidManifest.xml:5:9-41
18        android:testOnly="true"
19        android:theme="@style/AppTheme"
19-->src\main\AndroidManifest.xml:6:9-40
20        android:usesCleartextTraffic="true" >
20-->src\main\AndroidManifest.xml:7:9-44
21        <activity
21-->src\main\AndroidManifest.xml:8:9-15:20
22            android:name="com.hivetrack.mobile.MainActivity"
22-->src\main\AndroidManifest.xml:9:13-41
23            android:exported="true" >
23-->src\main\AndroidManifest.xml:10:13-36
24            <intent-filter>
24-->src\main\AndroidManifest.xml:11:13-14:29
25                <action android:name="android.intent.action.MAIN" />
25-->src\main\AndroidManifest.xml:12:17-69
25-->src\main\AndroidManifest.xml:12:25-66
26
27                <category android:name="android.intent.category.LAUNCHER" />
27-->src\main\AndroidManifest.xml:13:17-77
27-->src\main\AndroidManifest.xml:13:27-74
28            </intent-filter>
29        </activity>
30    </application>
31
32</manifest>